2018-01-14 07:01:53 Error: [Cake\Database\Exception] SQLSTATE[42S02]: Base table or view not found: 1146 Table 'tomatotnp.user' doesn't exist
Stack Trace:
#0 /home/sysadmin/Workspaces/Web/private.tomatotnp.dev/vendor/cakephp/cakephp/src/Database/Schema/Collection.php(97): Cake\Database\Schema\Collection->_reflect('Column', 'user', Array, Object(Cake\Database\Schema\Table))
#1 /home/sysadmin/Workspaces/Web/private.tomatotnp.dev/vendor/cakephp/cakephp/src/Database/Schema/CachedCollection.php(63): Cake\Database\Schema\Collection->describe('user', Array)
#2 /home/sysadmin/Workspaces/Web/private.tomatotnp.dev/vendor/cakephp/cakephp/src/ORM/Table.php(440): Cake\Database\Schema\CachedCollection->describe('user')
#3 /home/sysadmin/Workspaces/Web/private.tomatotnp.dev/vendor/cakephp/cakephp/src/ORM/Table.php(517): Cake\ORM\Table->schema()
#4 /home/sysadmin/Workspaces/Web/private.tomatotnp.dev/vendor/cakephp/bake/src/Shell/Task/ModelTask.php(215): Cake\ORM\Table->primaryKey()
#5 /home/sysadmin/Workspaces/Web/private.tomatotnp.dev/vendor/cakephp/bake/src/Shell/Task/ModelTask.php(127): Bake\Shell\Task\ModelTask->getAssociations(Object(Cake\ORM\Table))
#6 /home/sysadmin/Workspaces/Web/private.tomatotnp.dev/vendor/cakephp/bake/src/Shell/Task/ModelTask.php(110): Bake\Shell\Task\ModelTask->getTableContext(Object(Cake\ORM\Table), 'user', 'User')
#7 /home/sysadmin/Workspaces/Web/private.tomatotnp.dev/vendor/cakephp/bake/src/Shell/Task/ModelTask.php(97): Bake\Shell\Task\ModelTask->bake('User')
#8 /home/sysadmin/Workspaces/Web/private.tomatotnp.dev/vendor/cakephp/bake/src/Shell/BakeShell.php(257): Bake\Shell\Task\ModelTask->main('User')
#9 /home/sysadmin/Workspaces/Web/private.tomatotnp.dev/vendor/cakephp/cakephp/src/Collection/CollectionTrait.php(52): Bake\Shell\BakeShell->Bake\Shell\{closure}('user', 0)
#10 /home/sysadmin/Workspaces/Web/private.tomatotnp.dev/vendor/cakephp/bake/src/Shell/BakeShell.php(260): Cake\Collection\Collection->each(Object(Closure))
#11 [internal function]: Bake\Shell\BakeShell->all('user')
#12 /home/sysadmin/Workspaces/Web/private.tomatotnp.dev/vendor/cakephp/cakephp/src/Console/Shell.php(458): call_user_func_array(Array, Array)
#13 /home/sysadmin/Workspaces/Web/private.tomatotnp.dev/vendor/cakephp/cakephp/src/Console/ShellDispatcher.php(227): Cake\Console\Shell->runCommand(Array, true, Array)
#14 /home/sysadmin/Workspaces/Web/private.tomatotnp.dev/vendor/cakephp/cakephp/src/Console/ShellDispatcher.php(182): Cake\Console\ShellDispatcher->_dispatch(Array)
#15 /home/sysadmin/Workspaces/Web/private.tomatotnp.dev/vendor/cakephp/cakephp/src/Console/ShellDispatcher.php(128): Cake\Console\ShellDispatcher->dispatch(Array)
#16 /home/sysadmin/Workspaces/Web/private.tomatotnp.dev/bin/cake.php(34): Cake\Console\ShellDispatcher::run(Array)
#17 {main}


