2018-02-04 07:51:58 Notice: Notice (8): Array to string conversion in [/home/sysadmin/Workspaces/Web/private.tomatotnp.dev/src/Controller/FeedsController.php, line 63]
Request URL: /bai-viet/them-moi
Referer URL: http://private.tomatotnp.dev/bai-viet/them-moi
Client IP: 127.0.0.1
Trace:
Cake\Error\BaseErrorHandler::handleError() - CORE/src/Error/BaseErrorHandler.php, line 146
App\Controller\FeedsController::add() - APP/Controller/FeedsController.php, line 63
Cake\Controller\Controller::invokeAction() - CORE/src/Controller/Controller.php, line 435
Cake\Http\ActionDispatcher::_invoke() - CORE/src/Http/ActionDispatcher.php, line 121
Cake\Http\ActionDispatcher::dispatch() - CORE/src/Http/ActionDispatcher.php, line 95
Cake\Http\BaseApplication::__invoke() - CORE/src/Http/BaseApplication.php, line 83
Cake\Http\Runner::__invoke() - CORE/src/Http/Runner.php, line 65
Cake\Routing\Middleware\RoutingMiddleware::__invoke() - CORE/src/Routing/Middleware/RoutingMiddleware.php, line 62
Cake\Http\Runner::__invoke() - CORE/src/Http/Runner.php, line 65
Cake\Routing\Middleware\AssetMiddleware::__invoke() - CORE/src/Routing/Middleware/AssetMiddleware.php, line 88
Cake\Http\Runner::__invoke() - CORE/src/Http/Runner.php, line 65
Cake\Error\Middleware\ErrorHandlerMiddleware::__invoke() - CORE/src/Error/Middleware/ErrorHandlerMiddleware.php, line 81
Cake\Http\Runner::__invoke() - CORE/src/Http/Runner.php, line 65
Cake\Http\Runner::run() - CORE/src/Http/Runner.php, line 51
Cake\Http\Server::run() - CORE/src/Http/Server.php, line 90
[main] - ROOT/webroot/index.php, line 37



