2017-08-26 08:27:04 Warning: DebugKit not enabled. You need to either install pdo_sqlite, or define the "debug_kit" connection name.
2017-08-26 08:30:35 Warning: DebugKit not enabled. You need to either install pdo_sqlite, or define the "debug_kit" connection name.
2017-08-26 08:30:35 Warning: DebugKit not enabled. You need to either install pdo_sqlite, or define the "debug_kit" connection name.
2017-08-26 08:30:35 Warning: DebugKit not enabled. You need to either install pdo_sqlite, or define the "debug_kit" connection name.
2017-08-26 08:30:35 Warning: DebugKit not enabled. You need to either install pdo_sqlite, or define the "debug_kit" connection name.
2017-08-26 08:30:35 Error: [Cake\Routing\Exception\MissingControllerException] Controller class Css could not be found.
Exception Attributes: array (
  'class' => 'Css',
  'plugin' => false,
  'prefix' => false,
  '_ext' => false,
)
Request URL: /css/base.css
Referer URL: http://private.tomatotnp.dev/
Stack Trace:
#0 /home/sysadmin/Workspaces/Web/private.tomatotnp.dev/vendor/cakephp/cakephp/src/Http/ControllerFactory.php(72): Cake\Http\ControllerFactory->missingController(Object(Cake\Network\Request))
#1 /home/sysadmin/Workspaces/Web/private.tomatotnp.dev/vendor/cakephp/cakephp/src/Http/ActionDispatcher.php(92): Cake\Http\ControllerFactory->create(Object(Cake\Network\Request), Object(Cake\Network\Response))
#2 /home/sysadmin/Workspaces/Web/private.tomatotnp.dev/vendor/cakephp/cakephp/src/Http/BaseApplication.php(83): Cake\Http\ActionDispatcher->dispatch(Object(Cake\Network\Request), Object(Cake\Network\Response))
#3 /home/sysadmin/Workspaces/Web/private.tomatotnp.dev/vendor/cakephp/cakephp/src/Http/Runner.php(65): Cake\Http\BaseApplication->__invoke(Object(Zend\Diactoros\ServerRequest), Object(Zend\Diactoros\Response), Object(Cake\Http\Runner))
#4 /home/sysadmin/Workspaces/Web/private.tomatotnp.dev/vendor/cakephp/cakephp/src/Routing/Middleware/RoutingMiddleware.php(62): Cake\Http\Runner->__invoke(Object(Zend\Diactoros\ServerRequest), Object(Zend\Diactoros\Response))
#5 /home/sysadmin/Workspaces/Web/private.tomatotnp.dev/vendor/cakephp/cakephp/src/Http/Runner.php(65): Cake\Routing\Middleware\RoutingMiddleware->__invoke(Object(Zend\Diactoros\ServerRequest), Object(Zend\Diactoros\Response), Object(Cake\Http\Runner))
#6 /home/sysadmin/Workspaces/Web/private.tomatotnp.dev/vendor/cakephp/cakephp/src/Routing/Middleware/AssetMiddleware.php(93): Cake\Http\Runner->__invoke(Object(Zend\Diactoros\ServerRequest), Object(Zend\Diactoros\Response))
#7 /home/sysadmin/Workspaces/Web/private.tomatotnp.dev/vendor/cakephp/cakephp/src/Http/Runner.php(65): Cake\Routing\Middleware\AssetMiddleware->__invoke(Object(Zend\Diactoros\ServerRequest), Object(Zend\Diactoros\Response), Object(Cake\Http\Runner))
#8 /home/sysadmin/Workspaces/Web/private.tomatotnp.dev/vendor/cakephp/cakephp/src/Error/Middleware/ErrorHandlerMiddleware.php(81): Cake\Http\Runner->__invoke(Object(Zend\Diactoros\ServerRequest), Object(Zend\Diactoros\Response))
#9 /home/sysadmin/Workspaces/Web/private.tomatotnp.dev/vendor/cakephp/cakephp/src/Http/Runner.php(65): Cake\Error\Middleware\ErrorHandlerMiddleware->__invoke(Object(Zend\Diactoros\ServerRequest), Object(Zend\Diactoros\Response), Object(Cake\Http\Runner))
#10 /home/sysadmin/Workspaces/Web/private.tomatotnp.dev/vendor/cakephp/cakephp/src/Http/Runner.php(51): Cake\Http\Runner->__invoke(Object(Zend\Diactoros\ServerRequest), Object(Zend\Diactoros\Response))
#11 /home/sysadmin/Workspaces/Web/private.tomatotnp.dev/vendor/cakephp/cakephp/src/Http/Server.php(90): Cake\Http\Runner->run(Object(Cake\Http\MiddlewareQueue), Object(Zend\Diactoros\ServerRequest), Object(Zend\Diactoros\Response))
#12 /home/sysadmin/Workspaces/Web/private.tomatotnp.dev/webroot/index.php(37): Cake\Http\Server->run()
#13 {main}


2017-08-26 08:30:35 Error: [Cake\Routing\Exception\MissingControllerException] Controller class Css could not be found.
Exception Attributes: array (
  'class' => 'Css',
  'plugin' => false,
  'prefix' => false,
  '_ext' => false,
)
Request URL: /css/cake.css
Referer URL: http://private.tomatotnp.dev/
Stack Trace:
#0 /home/sysadmin/Workspaces/Web/private.tomatotnp.dev/vendor/cakephp/cakephp/src/Http/ControllerFactory.php(72): Cake\Http\ControllerFactory->missingController(Object(Cake\Network\Request))
#1 /home/sysadmin/Workspaces/Web/private.tomatotnp.dev/vendor/cakephp/cakephp/src/Http/ActionDispatcher.php(92): Cake\Http\ControllerFactory->create(Object(Cake\Network\Request), Object(Cake\Network\Response))
#2 /home/sysadmin/Workspaces/Web/private.tomatotnp.dev/vendor/cakephp/cakephp/src/Http/BaseApplication.php(83): Cake\Http\ActionDispatcher->dispatch(Object(Cake\Network\Request), Object(Cake\Network\Response))
#3 /home/sysadmin/Workspaces/Web/private.tomatotnp.dev/vendor/cakephp/cakephp/src/Http/Runner.php(65): Cake\Http\BaseApplication->__invoke(Object(Zend\Diactoros\ServerRequest), Object(Zend\Diactoros\Response), Object(Cake\Http\Runner))
#4 /home/sysadmin/Workspaces/Web/private.tomatotnp.dev/vendor/cakephp/cakephp/src/Routing/Middleware/RoutingMiddleware.php(62): Cake\Http\Runner->__invoke(Object(Zend\Diactoros\ServerRequest), Object(Zend\Diactoros\Response))
#5 /home/sysadmin/Workspaces/Web/private.tomatotnp.dev/vendor/cakephp/cakephp/src/Http/Runner.php(65): Cake\Routing\Middleware\RoutingMiddleware->__invoke(Object(Zend\Diactoros\ServerRequest), Object(Zend\Diactoros\Response), Object(Cake\Http\Runner))
#6 /home/sysadmin/Workspaces/Web/private.tomatotnp.dev/vendor/cakephp/cakephp/src/Routing/Middleware/AssetMiddleware.php(93): Cake\Http\Runner->__invoke(Object(Zend\Diactoros\ServerRequest), Object(Zend\Diactoros\Response))
#7 /home/sysadmin/Workspaces/Web/private.tomatotnp.dev/vendor/cakephp/cakephp/src/Http/Runner.php(65): Cake\Routing\Middleware\AssetMiddleware->__invoke(Object(Zend\Diactoros\ServerRequest), Object(Zend\Diactoros\Response), Object(Cake\Http\Runner))
#8 /home/sysadmin/Workspaces/Web/private.tomatotnp.dev/vendor/cakephp/cakephp/src/Error/Middleware/ErrorHandlerMiddleware.php(81): Cake\Http\Runner->__invoke(Object(Zend\Diactoros\ServerRequest), Object(Zend\Diactoros\Response))
#9 /home/sysadmin/Workspaces/Web/private.tomatotnp.dev/vendor/cakephp/cakephp/src/Http/Runner.php(65): Cake\Error\Middleware\ErrorHandlerMiddleware->__invoke(Object(Zend\Diactoros\ServerRequest), Object(Zend\Diactoros\Response), Object(Cake\Http\Runner))
#10 /home/sysadmin/Workspaces/Web/private.tomatotnp.dev/vendor/cakephp/cakephp/src/Http/Runner.php(51): Cake\Http\Runner->__invoke(Object(Zend\Diactoros\ServerRequest), Object(Zend\Diactoros\Response))
#11 /home/sysadmin/Workspaces/Web/private.tomatotnp.dev/vendor/cakephp/cakephp/src/Http/Server.php(90): Cake\Http\Runner->run(Object(Cake\Http\MiddlewareQueue), Object(Zend\Diactoros\ServerRequest), Object(Zend\Diactoros\Response))
#12 /home/sysadmin/Workspaces/Web/private.tomatotnp.dev/webroot/index.php(37): Cake\Http\Server->run()
#13 {main}


2017-08-26 08:30:35 Error: [Cake\Routing\Exception\MissingControllerException] Controller class Css could not be found.
Exception Attributes: array (
  'class' => 'Css',
  'plugin' => false,
  'prefix' => false,
  '_ext' => false,
)
Request URL: /css/home.css
Referer URL: http://private.tomatotnp.dev/
Stack Trace:
#0 /home/sysadmin/Workspaces/Web/private.tomatotnp.dev/vendor/cakephp/cakephp/src/Http/ControllerFactory.php(72): Cake\Http\ControllerFactory->missingController(Object(Cake\Network\Request))
#1 /home/sysadmin/Workspaces/Web/private.tomatotnp.dev/vendor/cakephp/cakephp/src/Http/ActionDispatcher.php(92): Cake\Http\ControllerFactory->create(Object(Cake\Network\Request), Object(Cake\Network\Response))
#2 /home/sysadmin/Workspaces/Web/private.tomatotnp.dev/vendor/cakephp/cakephp/src/Http/BaseApplication.php(83): Cake\Http\ActionDispatcher->dispatch(Object(Cake\Network\Request), Object(Cake\Network\Response))
#3 /home/sysadmin/Workspaces/Web/private.tomatotnp.dev/vendor/cakephp/cakephp/src/Http/Runner.php(65): Cake\Http\BaseApplication->__invoke(Object(Zend\Diactoros\ServerRequest), Object(Zend\Diactoros\Response), Object(Cake\Http\Runner))
#4 /home/sysadmin/Workspaces/Web/private.tomatotnp.dev/vendor/cakephp/cakephp/src/Routing/Middleware/RoutingMiddleware.php(62): Cake\Http\Runner->__invoke(Object(Zend\Diactoros\ServerRequest), Object(Zend\Diactoros\Response))
#5 /home/sysadmin/Workspaces/Web/private.tomatotnp.dev/vendor/cakephp/cakephp/src/Http/Runner.php(65): Cake\Routing\Middleware\RoutingMiddleware->__invoke(Object(Zend\Diactoros\ServerRequest), Object(Zend\Diactoros\Response), Object(Cake\Http\Runner))
#6 /home/sysadmin/Workspaces/Web/private.tomatotnp.dev/vendor/cakephp/cakephp/src/Routing/Middleware/AssetMiddleware.php(93): Cake\Http\Runner->__invoke(Object(Zend\Diactoros\ServerRequest), Object(Zend\Diactoros\Response))
#7 /home/sysadmin/Workspaces/Web/private.tomatotnp.dev/vendor/cakephp/cakephp/src/Http/Runner.php(65): Cake\Routing\Middleware\AssetMiddleware->__invoke(Object(Zend\Diactoros\ServerRequest), Object(Zend\Diactoros\Response), Object(Cake\Http\Runner))
#8 /home/sysadmin/Workspaces/Web/private.tomatotnp.dev/vendor/cakephp/cakephp/src/Error/Middleware/ErrorHandlerMiddleware.php(81): Cake\Http\Runner->__invoke(Object(Zend\Diactoros\ServerRequest), Object(Zend\Diactoros\Response))
#9 /home/sysadmin/Workspaces/Web/private.tomatotnp.dev/vendor/cakephp/cakephp/src/Http/Runner.php(65): Cake\Error\Middleware\ErrorHandlerMiddleware->__invoke(Object(Zend\Diactoros\ServerRequest), Object(Zend\Diactoros\Response), Object(Cake\Http\Runner))
#10 /home/sysadmin/Workspaces/Web/private.tomatotnp.dev/vendor/cakephp/cakephp/src/Http/Runner.php(51): Cake\Http\Runner->__invoke(Object(Zend\Diactoros\ServerRequest), Object(Zend\Diactoros\Response))
#11 /home/sysadmin/Workspaces/Web/private.tomatotnp.dev/vendor/cakephp/cakephp/src/Http/Server.php(90): Cake\Http\Runner->run(Object(Cake\Http\MiddlewareQueue), Object(Zend\Diactoros\ServerRequest), Object(Zend\Diactoros\Response))
#12 /home/sysadmin/Workspaces/Web/private.tomatotnp.dev/webroot/index.php(37): Cake\Http\Server->run()
#13 {main}


2017-08-26 08:30:36 Warning: DebugKit not enabled. You need to either install pdo_sqlite, or define the "debug_kit" connection name.
2017-08-26 08:30:36 Error: [Cake\Routing\Exception\MissingControllerException] Controller class Img could not be found.
Exception Attributes: array (
  'class' => 'Img',
  'plugin' => false,
  'prefix' => false,
  '_ext' => false,
)
Request URL: /img/cake.logo.svg
Referer URL: http://private.tomatotnp.dev/
Stack Trace:
#0 /home/sysadmin/Workspaces/Web/private.tomatotnp.dev/vendor/cakephp/cakephp/src/Http/ControllerFactory.php(72): Cake\Http\ControllerFactory->missingController(Object(Cake\Network\Request))
#1 /home/sysadmin/Workspaces/Web/private.tomatotnp.dev/vendor/cakephp/cakephp/src/Http/ActionDispatcher.php(92): Cake\Http\ControllerFactory->create(Object(Cake\Network\Request), Object(Cake\Network\Response))
#2 /home/sysadmin/Workspaces/Web/private.tomatotnp.dev/vendor/cakephp/cakephp/src/Http/BaseApplication.php(83): Cake\Http\ActionDispatcher->dispatch(Object(Cake\Network\Request), Object(Cake\Network\Response))
#3 /home/sysadmin/Workspaces/Web/private.tomatotnp.dev/vendor/cakephp/cakephp/src/Http/Runner.php(65): Cake\Http\BaseApplication->__invoke(Object(Zend\Diactoros\ServerRequest), Object(Zend\Diactoros\Response), Object(Cake\Http\Runner))
#4 /home/sysadmin/Workspaces/Web/private.tomatotnp.dev/vendor/cakephp/cakephp/src/Routing/Middleware/RoutingMiddleware.php(62): Cake\Http\Runner->__invoke(Object(Zend\Diactoros\ServerRequest), Object(Zend\Diactoros\Response))
#5 /home/sysadmin/Workspaces/Web/private.tomatotnp.dev/vendor/cakephp/cakephp/src/Http/Runner.php(65): Cake\Routing\Middleware\RoutingMiddleware->__invoke(Object(Zend\Diactoros\ServerRequest), Object(Zend\Diactoros\Response), Object(Cake\Http\Runner))
#6 /home/sysadmin/Workspaces/Web/private.tomatotnp.dev/vendor/cakephp/cakephp/src/Routing/Middleware/AssetMiddleware.php(93): Cake\Http\Runner->__invoke(Object(Zend\Diactoros\ServerRequest), Object(Zend\Diactoros\Response))
#7 /home/sysadmin/Workspaces/Web/private.tomatotnp.dev/vendor/cakephp/cakephp/src/Http/Runner.php(65): Cake\Routing\Middleware\AssetMiddleware->__invoke(Object(Zend\Diactoros\ServerRequest), Object(Zend\Diactoros\Response), Object(Cake\Http\Runner))
#8 /home/sysadmin/Workspaces/Web/private.tomatotnp.dev/vendor/cakephp/cakephp/src/Error/Middleware/ErrorHandlerMiddleware.php(81): Cake\Http\Runner->__invoke(Object(Zend\Diactoros\ServerRequest), Object(Zend\Diactoros\Response))
#9 /home/sysadmin/Workspaces/Web/private.tomatotnp.dev/vendor/cakephp/cakephp/src/Http/Runner.php(65): Cake\Error\Middleware\ErrorHandlerMiddleware->__invoke(Object(Zend\Diactoros\ServerRequest), Object(Zend\Diactoros\Response), Object(Cake\Http\Runner))
#10 /home/sysadmin/Workspaces/Web/private.tomatotnp.dev/vendor/cakephp/cakephp/src/Http/Runner.php(51): Cake\Http\Runner->__invoke(Object(Zend\Diactoros\ServerRequest), Object(Zend\Diactoros\Response))
#11 /home/sysadmin/Workspaces/Web/private.tomatotnp.dev/vendor/cakephp/cakephp/src/Http/Server.php(90): Cake\Http\Runner->run(Object(Cake\Http\MiddlewareQueue), Object(Zend\Diactoros\ServerRequest), Object(Zend\Diactoros\Response))
#12 /home/sysadmin/Workspaces/Web/private.tomatotnp.dev/webroot/index.php(37): Cake\Http\Server->run()
#13 {main}


2017-08-26 08:34:20 Warning: DebugKit not enabled. You need to either install pdo_sqlite, or define the "debug_kit" connection name.
2017-08-26 08:34:20 Error: [Cake\Controller\Exception\MissingActionException] Action PagesController::display() could not be found, or is not accessible.
Exception Attributes: array (
  'controller' => 'PagesController',
  'action' => 'display',
  'prefix' => '',
  'plugin' => NULL,
)
Request URL: /
Stack Trace:
#0 /home/sysadmin/Workspaces/Web/private.tomatotnp.dev/vendor/cakephp/cakephp/src/Http/ActionDispatcher.php(121): Cake\Controller\Controller->invokeAction()
#1 /home/sysadmin/Workspaces/Web/private.tomatotnp.dev/vendor/cakephp/cakephp/src/Http/ActionDispatcher.php(95): Cake\Http\ActionDispatcher->_invoke(Object(App\Controller\PagesController))
#2 /home/sysadmin/Workspaces/Web/private.tomatotnp.dev/vendor/cakephp/cakephp/src/Http/BaseApplication.php(83): Cake\Http\ActionDispatcher->dispatch(Object(Cake\Network\Request), Object(Cake\Network\Response))
#3 /home/sysadmin/Workspaces/Web/private.tomatotnp.dev/vendor/cakephp/cakephp/src/Http/Runner.php(65): Cake\Http\BaseApplication->__invoke(Object(Zend\Diactoros\ServerRequest), Object(Zend\Diactoros\Response), Object(Cake\Http\Runner))
#4 /home/sysadmin/Workspaces/Web/private.tomatotnp.dev/vendor/cakephp/cakephp/src/Routing/Middleware/RoutingMiddleware.php(62): Cake\Http\Runner->__invoke(Object(Zend\Diactoros\ServerRequest), Object(Zend\Diactoros\Response))
#5 /home/sysadmin/Workspaces/Web/private.tomatotnp.dev/vendor/cakephp/cakephp/src/Http/Runner.php(65): Cake\Routing\Middleware\RoutingMiddleware->__invoke(Object(Zend\Diactoros\ServerRequest), Object(Zend\Diactoros\Response), Object(Cake\Http\Runner))
#6 /home/sysadmin/Workspaces/Web/private.tomatotnp.dev/vendor/cakephp/cakephp/src/Routing/Middleware/AssetMiddleware.php(88): Cake\Http\Runner->__invoke(Object(Zend\Diactoros\ServerRequest), Object(Zend\Diactoros\Response))
#7 /home/sysadmin/Workspaces/Web/private.tomatotnp.dev/vendor/cakephp/cakephp/src/Http/Runner.php(65): Cake\Routing\Middleware\AssetMiddleware->__invoke(Object(Zend\Diactoros\ServerRequest), Object(Zend\Diactoros\Response), Object(Cake\Http\Runner))
#8 /home/sysadmin/Workspaces/Web/private.tomatotnp.dev/vendor/cakephp/cakephp/src/Error/Middleware/ErrorHandlerMiddleware.php(81): Cake\Http\Runner->__invoke(Object(Zend\Diactoros\ServerRequest), Object(Zend\Diactoros\Response))
#9 /home/sysadmin/Workspaces/Web/private.tomatotnp.dev/vendor/cakephp/cakephp/src/Http/Runner.php(65): Cake\Error\Middleware\ErrorHandlerMiddleware->__invoke(Object(Zend\Diactoros\ServerRequest), Object(Zend\Diactoros\Response), Object(Cake\Http\Runner))
#10 /home/sysadmin/Workspaces/Web/private.tomatotnp.dev/vendor/cakephp/cakephp/src/Http/Runner.php(51): Cake\Http\Runner->__invoke(Object(Zend\Diactoros\ServerRequest), Object(Zend\Diactoros\Response))
#11 /home/sysadmin/Workspaces/Web/private.tomatotnp.dev/vendor/cakephp/cakephp/src/Http/Server.php(90): Cake\Http\Runner->run(Object(Cake\Http\MiddlewareQueue), Object(Zend\Diactoros\ServerRequest), Object(Zend\Diactoros\Response))
#12 /home/sysadmin/Workspaces/Web/private.tomatotnp.dev/webroot/index.php(37): Cake\Http\Server->run()
#13 {main}


2017-08-26 08:34:52 Warning: DebugKit not enabled. You need to either install pdo_sqlite, or define the "debug_kit" connection name.
2017-08-26 08:41:15 Warning: DebugKit not enabled. You need to either install pdo_sqlite, or define the "debug_kit" connection name.
2017-08-26 16:21:57 Warning: DebugKit not enabled. You need to either install pdo_sqlite, or define the "debug_kit" connection name.
2017-08-27 02:58:10 Warning: DebugKit not enabled. You need to either install pdo_sqlite, or define the "debug_kit" connection name.
2017-09-23 11:15:45 Warning: DebugKit not enabled. You need to either install pdo_sqlite, or define the "debug_kit" connection name.
2017-11-05 16:22:28 Warning: DebugKit not enabled. You need to either install pdo_sqlite, or define the "debug_kit" connection name.
2017-11-05 16:26:52 Warning: DebugKit not enabled. You need to either install pdo_sqlite, or define the "debug_kit" connection name.
2017-11-05 16:26:52 Error: [Cake\Routing\Exception\MissingControllerException] Controller class Signin.html could not be found.
Exception Attributes: array (
  'class' => 'Signin.html',
  'plugin' => false,
  'prefix' => false,
  '_ext' => false,
)
Request URL: /signin.html
Referer URL: http://private.tomatotnp.dev/
Stack Trace:
#0 /home/sysadmin/Workspaces/Web/private.tomatotnp.dev/vendor/cakephp/cakephp/src/Http/ControllerFactory.php(67): Cake\Http\ControllerFactory->missingController(Object(Cake\Network\Request))
#1 /home/sysadmin/Workspaces/Web/private.tomatotnp.dev/vendor/cakephp/cakephp/src/Http/ActionDispatcher.php(92): Cake\Http\ControllerFactory->create(Object(Cake\Network\Request), Object(Cake\Network\Response))
#2 /home/sysadmin/Workspaces/Web/private.tomatotnp.dev/vendor/cakephp/cakephp/src/Http/BaseApplication.php(83): Cake\Http\ActionDispatcher->dispatch(Object(Cake\Network\Request), Object(Cake\Network\Response))
#3 /home/sysadmin/Workspaces/Web/private.tomatotnp.dev/vendor/cakephp/cakephp/src/Http/Runner.php(65): Cake\Http\BaseApplication->__invoke(Object(Zend\Diactoros\ServerRequest), Object(Zend\Diactoros\Response), Object(Cake\Http\Runner))
#4 /home/sysadmin/Workspaces/Web/private.tomatotnp.dev/vendor/cakephp/cakephp/src/Routing/Middleware/RoutingMiddleware.php(62): Cake\Http\Runner->__invoke(Object(Zend\Diactoros\ServerRequest), Object(Zend\Diactoros\Response))
#5 /home/sysadmin/Workspaces/Web/private.tomatotnp.dev/vendor/cakephp/cakephp/src/Http/Runner.php(65): Cake\Routing\Middleware\RoutingMiddleware->__invoke(Object(Zend\Diactoros\ServerRequest), Object(Zend\Diactoros\Response), Object(Cake\Http\Runner))
#6 /home/sysadmin/Workspaces/Web/private.tomatotnp.dev/vendor/cakephp/cakephp/src/Routing/Middleware/AssetMiddleware.php(93): Cake\Http\Runner->__invoke(Object(Zend\Diactoros\ServerRequest), Object(Zend\Diactoros\Response))
#7 /home/sysadmin/Workspaces/Web/private.tomatotnp.dev/vendor/cakephp/cakephp/src/Http/Runner.php(65): Cake\Routing\Middleware\AssetMiddleware->__invoke(Object(Zend\Diactoros\ServerRequest), Object(Zend\Diactoros\Response), Object(Cake\Http\Runner))
#8 /home/sysadmin/Workspaces/Web/private.tomatotnp.dev/vendor/cakephp/cakephp/src/Error/Middleware/ErrorHandlerMiddleware.php(81): Cake\Http\Runner->__invoke(Object(Zend\Diactoros\ServerRequest), Object(Zend\Diactoros\Response))
#9 /home/sysadmin/Workspaces/Web/private.tomatotnp.dev/vendor/cakephp/cakephp/src/Http/Runner.php(65): Cake\Error\Middleware\ErrorHandlerMiddleware->__invoke(Object(Zend\Diactoros\ServerRequest), Object(Zend\Diactoros\Response), Object(Cake\Http\Runner))
#10 /home/sysadmin/Workspaces/Web/private.tomatotnp.dev/vendor/cakephp/cakephp/src/Http/Runner.php(51): Cake\Http\Runner->__invoke(Object(Zend\Diactoros\ServerRequest), Object(Zend\Diactoros\Response))
#11 /home/sysadmin/Workspaces/Web/private.tomatotnp.dev/vendor/cakephp/cakephp/src/Http/Server.php(90): Cake\Http\Runner->run(Object(Cake\Http\MiddlewareQueue), Object(Zend\Diactoros\ServerRequest), Object(Zend\Diactoros\Response))
#12 /home/sysadmin/Workspaces/Web/private.tomatotnp.dev/webroot/index.php(37): Cake\Http\Server->run()
#13 {main}


2017-11-06 12:11:58 Warning: DebugKit not enabled. You need to either install pdo_sqlite, or define the "debug_kit" connection name.
2017-11-06 12:11:58 Error: [Cake\Routing\Exception\MissingControllerException] Controller class Email.html could not be found.
Exception Attributes: array (
  'class' => 'Email.html',
  'plugin' => false,
  'prefix' => false,
  '_ext' => false,
)
Request URL: /email.html
Referer URL: http://private.tomatotnp.dev/
Stack Trace:
#0 /home/sysadmin/Workspaces/Web/private.tomatotnp.dev/vendor/cakephp/cakephp/src/Http/ControllerFactory.php(67): Cake\Http\ControllerFactory->missingController(Object(Cake\Network\Request))
#1 /home/sysadmin/Workspaces/Web/private.tomatotnp.dev/vendor/cakephp/cakephp/src/Http/ActionDispatcher.php(92): Cake\Http\ControllerFactory->create(Object(Cake\Network\Request), Object(Cake\Network\Response))
#2 /home/sysadmin/Workspaces/Web/private.tomatotnp.dev/vendor/cakephp/cakephp/src/Http/BaseApplication.php(83): Cake\Http\ActionDispatcher->dispatch(Object(Cake\Network\Request), Object(Cake\Network\Response))
#3 /home/sysadmin/Workspaces/Web/private.tomatotnp.dev/vendor/cakephp/cakephp/src/Http/Runner.php(65): Cake\Http\BaseApplication->__invoke(Object(Zend\Diactoros\ServerRequest), Object(Zend\Diactoros\Response), Object(Cake\Http\Runner))
#4 /home/sysadmin/Workspaces/Web/private.tomatotnp.dev/vendor/cakephp/cakephp/src/Routing/Middleware/RoutingMiddleware.php(62): Cake\Http\Runner->__invoke(Object(Zend\Diactoros\ServerRequest), Object(Zend\Diactoros\Response))
#5 /home/sysadmin/Workspaces/Web/private.tomatotnp.dev/vendor/cakephp/cakephp/src/Http/Runner.php(65): Cake\Routing\Middleware\RoutingMiddleware->__invoke(Object(Zend\Diactoros\ServerRequest), Object(Zend\Diactoros\Response), Object(Cake\Http\Runner))
#6 /home/sysadmin/Workspaces/Web/private.tomatotnp.dev/vendor/cakephp/cakephp/src/Routing/Middleware/AssetMiddleware.php(93): Cake\Http\Runner->__invoke(Object(Zend\Diactoros\ServerRequest), Object(Zend\Diactoros\Response))
#7 /home/sysadmin/Workspaces/Web/private.tomatotnp.dev/vendor/cakephp/cakephp/src/Http/Runner.php(65): Cake\Routing\Middleware\AssetMiddleware->__invoke(Object(Zend\Diactoros\ServerRequest), Object(Zend\Diactoros\Response), Object(Cake\Http\Runner))
#8 /home/sysadmin/Workspaces/Web/private.tomatotnp.dev/vendor/cakephp/cakephp/src/Error/Middleware/ErrorHandlerMiddleware.php(81): Cake\Http\Runner->__invoke(Object(Zend\Diactoros\ServerRequest), Object(Zend\Diactoros\Response))
#9 /home/sysadmin/Workspaces/Web/private.tomatotnp.dev/vendor/cakephp/cakephp/src/Http/Runner.php(65): Cake\Error\Middleware\ErrorHandlerMiddleware->__invoke(Object(Zend\Diactoros\ServerRequest), Object(Zend\Diactoros\Response), Object(Cake\Http\Runner))
#10 /home/sysadmin/Workspaces/Web/private.tomatotnp.dev/vendor/cakephp/cakephp/src/Http/Runner.php(51): Cake\Http\Runner->__invoke(Object(Zend\Diactoros\ServerRequest), Object(Zend\Diactoros\Response))
#11 /home/sysadmin/Workspaces/Web/private.tomatotnp.dev/vendor/cakephp/cakephp/src/Http/Server.php(90): Cake\Http\Runner->run(Object(Cake\Http\MiddlewareQueue), Object(Zend\Diactoros\ServerRequest), Object(Zend\Diactoros\Response))
#12 /home/sysadmin/Workspaces/Web/private.tomatotnp.dev/webroot/index.php(37): Cake\Http\Server->run()
#13 {main}


2017-11-12 09:46:47 Warning: DebugKit not enabled. You need to either install pdo_sqlite, or define the "debug_kit" connection name.
2017-11-12 09:46:51 Warning: DebugKit not enabled. You need to either install pdo_sqlite, or define the "debug_kit" connection name.
2017-11-12 09:47:18 Warning: DebugKit not enabled. You need to either install pdo_sqlite, or define the "debug_kit" connection name.
2017-11-12 09:47:29 Warning: DebugKit not enabled. You need to either install pdo_sqlite, or define the "debug_kit" connection name.
2017-11-12 09:47:49 Warning: DebugKit not enabled. You need to either install pdo_sqlite, or define the "debug_kit" connection name.
2017-11-12 10:08:17 Warning: DebugKit not enabled. You need to either install pdo_sqlite, or define the "debug_kit" connection name.
2017-11-12 14:13:52 Warning: DebugKit not enabled. You need to either install pdo_sqlite, or define the "debug_kit" connection name.
2017-11-12 14:15:30 Warning: DebugKit not enabled. You need to either install pdo_sqlite, or define the "debug_kit" connection name.
2017-11-12 14:15:31 Warning: DebugKit not enabled. You need to either install pdo_sqlite, or define the "debug_kit" connection name.
2017-11-12 14:15:31 Warning: DebugKit not enabled. You need to either install pdo_sqlite, or define the "debug_kit" connection name.
2017-11-12 14:15:32 Warning: DebugKit not enabled. You need to either install pdo_sqlite, or define the "debug_kit" connection name.
2017-11-12 14:15:32 Warning: DebugKit not enabled. You need to either install pdo_sqlite, or define the "debug_kit" connection name.
2017-11-12 14:16:27 Warning: DebugKit not enabled. You need to either install pdo_sqlite, or define the "debug_kit" connection name.
2017-11-12 14:16:27 Error: [Cake\View\Exception\MissingElementException] Element file "Element/menu.ctp" is missing.
Exception Attributes: array (
  0 => 'Element/menu.ctp',
)
Request URL: /
Stack Trace:
#0 /home/sysadmin/Workspaces/Web/private.tomatotnp.dev/src/Template/Layout/admin.ctp(283): Cake\View\View->element('menu')
#1 /home/sysadmin/Workspaces/Web/private.tomatotnp.dev/vendor/cakephp/cakephp/src/View/View.php(1014): include('/home/sysadmin/...')
#2 /home/sysadmin/Workspaces/Web/private.tomatotnp.dev/vendor/cakephp/cakephp/src/View/View.php(973): Cake\View\View->_evaluate('/home/sysadmin/...', Array)
#3 /home/sysadmin/Workspaces/Web/private.tomatotnp.dev/vendor/cakephp/cakephp/src/View/View.php(644): Cake\View\View->_render('/home/sysadmin/...')
#4 /home/sysadmin/Workspaces/Web/private.tomatotnp.dev/vendor/cakephp/cakephp/src/View/View.php(602): Cake\View\View->renderLayout('', 'admin')
#5 /home/sysadmin/Workspaces/Web/private.tomatotnp.dev/vendor/cakephp/cakephp/src/Controller/Controller.php(617): Cake\View\View->render(NULL, NULL)
#6 /home/sysadmin/Workspaces/Web/private.tomatotnp.dev/vendor/cakephp/cakephp/src/Http/ActionDispatcher.php(127): Cake\Controller\Controller->render()
#7 /home/sysadmin/Workspaces/Web/private.tomatotnp.dev/vendor/cakephp/cakephp/src/Http/ActionDispatcher.php(95): Cake\Http\ActionDispatcher->_invoke(Object(App\Controller\PagesController))
#8 /home/sysadmin/Workspaces/Web/private.tomatotnp.dev/vendor/cakephp/cakephp/src/Http/BaseApplication.php(83): Cake\Http\ActionDispatcher->dispatch(Object(Cake\Network\Request), Object(Cake\Network\Response))
#9 /home/sysadmin/Workspaces/Web/private.tomatotnp.dev/vendor/cakephp/cakephp/src/Http/Runner.php(65): Cake\Http\BaseApplication->__invoke(Object(Zend\Diactoros\ServerRequest), Object(Zend\Diactoros\Response), Object(Cake\Http\Runner))
#10 /home/sysadmin/Workspaces/Web/private.tomatotnp.dev/vendor/cakephp/cakephp/src/Routing/Middleware/RoutingMiddleware.php(62): Cake\Http\Runner->__invoke(Object(Zend\Diactoros\ServerRequest), Object(Zend\Diactoros\Response))
#11 /home/sysadmin/Workspaces/Web/private.tomatotnp.dev/vendor/cakephp/cakephp/src/Http/Runner.php(65): Cake\Routing\Middleware\RoutingMiddleware->__invoke(Object(Zend\Diactoros\ServerRequest), Object(Zend\Diactoros\Response), Object(Cake\Http\Runner))
#12 /home/sysadmin/Workspaces/Web/private.tomatotnp.dev/vendor/cakephp/cakephp/src/Routing/Middleware/AssetMiddleware.php(88): Cake\Http\Runner->__invoke(Object(Zend\Diactoros\ServerRequest), Object(Zend\Diactoros\Response))
#13 /home/sysadmin/Workspaces/Web/private.tomatotnp.dev/vendor/cakephp/cakephp/src/Http/Runner.php(65): Cake\Routing\Middleware\AssetMiddleware->__invoke(Object(Zend\Diactoros\ServerRequest), Object(Zend\Diactoros\Response), Object(Cake\Http\Runner))
#14 /home/sysadmin/Workspaces/Web/private.tomatotnp.dev/vendor/cakephp/cakephp/src/Error/Middleware/ErrorHandlerMiddleware.php(81): Cake\Http\Runner->__invoke(Object(Zend\Diactoros\ServerRequest), Object(Zend\Diactoros\Response))
#15 /home/sysadmin/Workspaces/Web/private.tomatotnp.dev/vendor/cakephp/cakephp/src/Http/Runner.php(65): Cake\Error\Middleware\ErrorHandlerMiddleware->__invoke(Object(Zend\Diactoros\ServerRequest), Object(Zend\Diactoros\Response), Object(Cake\Http\Runner))
#16 /home/sysadmin/Workspaces/Web/private.tomatotnp.dev/vendor/cakephp/cakephp/src/Http/Runner.php(51): Cake\Http\Runner->__invoke(Object(Zend\Diactoros\ServerRequest), Object(Zend\Diactoros\Response))
#17 /home/sysadmin/Workspaces/Web/private.tomatotnp.dev/vendor/cakephp/cakephp/src/Http/Server.php(90): Cake\Http\Runner->run(Object(Cake\Http\MiddlewareQueue), Object(Zend\Diactoros\ServerRequest), Object(Zend\Diactoros\Response))
#18 /home/sysadmin/Workspaces/Web/private.tomatotnp.dev/webroot/index.php(37): Cake\Http\Server->run()
#19 {main}


2017-11-12 14:17:20 Warning: DebugKit not enabled. You need to either install pdo_sqlite, or define the "debug_kit" connection name.
